<?xml version="1.0" encoding="UTF-8"?>
<!-- Generated by org.testng.reporters.JUnitReportReporter -->
<testsuite hostname="LAPTOP-SHETTY" failures="0" tests="1" name="Selenium.LaunchBrowserTest" time="5.309" errors="0" timestamp="2023-02-01T09:52:35 IST" skipped="0">
  <testcase classname="Selenium.LaunchBrowserTest" name="main" time="5.309"/>
  <system-out/>
</testsuite> <!-- Selenium.LaunchBrowserTest -->
