<?xml version="1.0" encoding="UTF-8"?>
<!-- Generated by org.testng.reporters.JUnitReportReporter -->
<testsuite hostname="LAPTOP-SHETTY" failures="0" tests="1" name="Selenium.SeleniumGithubtest" time="28.009" errors="0" timestamp="2023-02-01T09:52:35 IST" skipped="0">
  <testcase classname="Selenium.SeleniumGithubtest" name="main" time="28.009"/>
  <system-out/>
</testsuite> <!-- Selenium.SeleniumGithubtest -->
