<?xml version="1.0" encoding="UTF-8"?>
<!-- Generated by org.testng.reporters.JUnitReportReporter -->
<testsuite hostname="LAPTOP-SHETTY" failures="0" tests="1" name="Selenium.readPDFTest" time="2.024" errors="0" timestamp="2023-02-01T09:52:35 IST" skipped="0">
  <testcase classname="Selenium.readPDFTest" name="main" time="2.024"/>
  <system-out/>
</testsuite> <!-- Selenium.readPDFTest -->
